TN:
SF:contracts/src/Blemast.sol
DA:85,45
FN:85,Blemast.constructor
FNDA:45,Blemast.constructor
DA:89,45
BRDA:89,0,0,1
DA:90,44
BRDA:90,1,0,-
DA:91,0
DA:95,44
DA:96,44
DA:97,44
DA:100,44
DA:101,44
DA:104,44
DA:113,8
FN:113,Blemast.pause
FNDA:8,Blemast.pause
DA:114,7
DA:115,7
DA:122,4
FN:122,Blemast.unpause
FNDA:4,Blemast.unpause
DA:123,3
DA:124,3
DA:134,9270
FN:134,Blemast.mint
FNDA:9270,Blemast.mint
DA:135,9269
BRDA:135,2,0,1
DA:138,9268
DA:139,9268
BRDA:139,3,0,1
DA:140,1
DA:144,9267
BRDA:144,4,0,9264
DA:145,9264
DA:146,9264
DA:150,9267
DA:151,9267
BRDA:151,5,0,2
DA:153,2
DA:156,2
DA:160,9265
DA:163,9265
DA:164,9265
DA:173,4
FN:173,Blemast.availableMintAmount
FNDA:4,Blemast.availableMintAmount
DA:175,4
BRDA:175,6,0,1
DA:176,1
DA:181,3
BRDA:181,7,0,1
DA:182,1
DA:184,2
DA:191,2
FN:191,Blemast.timeUntilNextPeriod
FNDA:2,Blemast.timeUntilNextPeriod
DA:192,2
DA:193,2
BRDA:193,8,0,1
DA:194,1
DA:196,1
DA:207,9828
FN:207,Blemast._update
FNDA:9828,Blemast._update
DA:211,9828
DA:219,3
FN:219,Blemast.nonces
FNDA:3,Blemast.nonces
DA:225,3
FNF:8
FNH:8
LF:46
LH:45
BRF:9
BRH:8
end_of_record
